app/build/outputs/mapping/release/configuration.txt
# The proguard configuration file for the following section is default_proguard_files/global/proguard-android-optimize.txt-8.3.2
# This is a configuration file for ProGuard.
# http://proguard.sourceforge.net/index.html#manual/usage.html
#
# Starting with version 2.2 of the Android plugin for Gradle, this file is distributed together with
# the plugin and unpacked at build-time. The files in $ANDROID_HOME are no longer maintained and
# will be ignored by new version of the Android plugin for Gradle.

# Optimizations: If you don't want to optimize, use the proguard-android.txt configuration file
# instead of this one, which turns off the optimization flags.
-allowaccessmodification

# Preserve some attributes that may be required for reflection.
-keepattributes AnnotationDefault,
                EnclosingMethod,
                InnerClasses,
                RuntimeVisibleAnnotations,
                RuntimeVisibleParameterAnnotations,
                RuntimeVisibleTypeAnnotations,
                Signature

-keep public class com.google.vending.licensing.ILicensingService
-keep public class com.android.vending.licensing.ILicensingService
-keep public class com.google.android.vending.licensing.ILicensingService
-dontnote com.android.vending.licensing.ILicensingService
-dontnote com.google.vending.licensing.ILicensingService
-dontnote com.google.android.vending.licensing.ILicensingService

# For native methods, see https://www.guardsquare.com/manual/configuration/examples#native
-keepclasseswithmembernames,includedescriptorclasses class * {
    native <methods>;
}

# Keep setters in Views so that animations can still work.
-keepclassmembers public class * extends android.view.View {
    void set*(***);
    *** get*();
}

# We want to keep methods in Activity that could be used in the XML attribute onClick.
-keepclassmembers class * extends android.app.Activity {
    public void *(android.view.View);
}

# For enumeration classes, see https://www.guardsquare.com/manual/configuration/examples#enumerations
-keepclassmembers enum * {
    public static **[] values();
    public static ** valueOf(java.lang.String);
}

-keepclassmembers class * implements android.os.Parcelable {
    public static final ** CREATOR;
}

# Preserve annotated Javascript interface methods.
-keepclassmembers class * {
    @android.webkit.JavascriptInterface <methods>;
}

# The support libraries contains references to newer platform versions.
# Don't warn about those in case this app is linking against an older
# platform version. We know about them, and they are safe.
-dontnote android.support.**
-dontnote androidx.**
-dontwarn android.support.**
-dontwarn androidx.**

# Understand the @Keep support annotation.
-keep class android.support.annotation.Keep

-keep @android.support.annotation.Keep class * {*;}

-keepclasseswithmembers class * {
    @android.support.annotation.Keep <methods>;
}

-keepclasseswithmembers class * {
    @android.support.annotation.Keep <fields>;
}

-keepclasseswithmembers class * {
    @android.support.annotation.Keep <init>(...);
}

# These classes are duplicated between android.jar and org.apache.http.legacy.jar.
-dontnote org.apache.http.**
-dontnote android.net.http.**

# These classes are duplicated between android.jar and core-lambda-stubs.jar.
-dontnote java.lang.invoke.**

# End of content from default_proguard_files/global/proguard-android-optimize.txt-8.3.2
# The proguard configuration file for the following section is pdfGenerator/app/proguard-rules.pro
# Add project specific ProGuard rules here.
# By default, the flags in this file are appended to flags specified
# in /Users/USER_NAME/Library/Android/sdk/tools/proguard/proguard-android-optimize.txt
# You can edit the include path and order by changing the proguardFiles
# directive in build.gradle.kts.
#
# For more details, see
#   http://developer.android.com/guide/developing/tools/proguard.html

# Add any project specific keep rules here:

# If you use reflection or JNI, you might need to keep certain classes.
# Example:
# -keep class com.example.MyClass
# -keepclassmembers class com.example.MyClass {
#   public <init>(android.content.Context);
# }

# Keep Hilt generated classes
-keep class * extends androidx.hilt.lifecycle.ViewModelInjectFactory
-keep class * extends dagger.hilt.android.internal.managers.ActivityComponentManager.FragmentComponentBuilder
-keep class * extends dagger.hilt.android.internal.managers.ViewComponentManager.ViewWithFragmentComponentBuilder
-keep class * extends dagger.hilt.android.internal.managers.BroadcastReceiverComponentManager.BroadcastReceiverComponentBuilder
-keep class * extends dagger.hilt.android.internal.managers.ServiceComponentManager.ServiceComponentBuilder
-keep class * extends dagger.hilt.android.internal.managers.ApplicationComponentManager.ApplicationComponentBuilder

# Keep Kotlin Coroutines
-keepnames class kotlinx.coroutines.internal.MainDispatcherFactory {}
-keepnames class kotlinx.coroutines.android.AndroidDispatcherFactory {}
-keepnames class kotlinx.coroutines.CoroutineExceptionHandler {}
-keepclassmembers class kotlinx.coroutines.flow.** {
    *;
}
-keepclassmembers class kotlinx.coroutines.internal.** {
    *;
}
-keepclassmembers class kotlinx.coroutines.channels.** {
    *;
}
-keepclassmembers class kotlinx.coroutines.selects.** {
    *;
}

# Keep Kotlin Serialization
-keepclassmembers class **$$serializer {
    public static final **$$serializer INSTANCE;
    public final kotlinx.serialization.KSerializer[] childSerializers();
    public kotlinx.serialization.KSerializer[] typeParametersSerializers();
    private <init>();
}
-keepclasseswithmembers class ** {
    @kotlinx.serialization.Serializable *;
}
-keepclassmembers enum * {
    @kotlinx.serialization.Serializable *;
    public static **[] values();
    public static ** valueOf(java.lang.String);
}

# Keep Coil classes (if reflection is used internally, though usually not needed for basic usage)
# -keep class coil.** { *; }

# Keep Google Play Billing library classes
-keep class com.android.billingclient.** { *; }

# Keep Google AdMob classes
-keep class com.google.android.gms.ads.** { *; }

# If you are using CameraX, ensure its classes are not removed if reflection is used.
# Usually, CameraX is fine with default Proguard rules.
# -keep class androidx.camera.core.** { *; }

# For Jetpack Compose
-keepclassmembers class * {
    @androidx.compose.runtime.Composable <methods>;
}
-keepclassmembers class * {
    @androidx.compose.ui.tooling.preview.Preview <methods>;
}
-keepclassmembers class * implements androidx.compose.ui.tooling.preview.PreviewParameterProvider {
    public <init>(...);
}
-keepclassmembers class * extends androidx.compose.ui.tooling.preview.PreviewParameterProvider {
    public <init>(...);
}
-keepclassmembers class * {
    @androidx.compose.runtime.InternalComposeApi <methods>;
}
-keepclassmembers class * {
    @androidx.compose.runtime.ReadOnlyComposable <methods>;
}
-keepclassmembers class * {
    @androidx.compose.runtime.NonRestartableComposable <methods>;
}
-keepclassmembers class * {
    @androidx.compose.runtime.DisallowComposableCalls <methods>;
}
-keepclassmembers class * {
    @androidx.compose.runtime.Explicitlgan <methods>;
}
-keepclassmembers class * {
    @androidx.compose.runtime.ComposableTarget <methods>;
}
-keepclassmembers class * {
    @androidx.compose.runtime.ComposableOpenTarget <methods>;
}
-keepclassmembers class * {
    @androidx.compose.runtime.ComposableInferredTarget <methods>;
}
-keepclassmembers class * {
    @androidx.compose.runtime.ComposeCompilerApi <methods>;
}
-keepclassmembers class * {
    @androidx.compose.runtime.StableMarker <methods>;
}
-keepclassmembers class * {
    @androidx.compose.runtime.Immutable <methods>;
}
-keepclassmembers class * {
    @androidx.compose.runtime.Stable <methods>;
}
-keepclassmembers class * {
    @androidx.compose.runtime.ProvidableCompositionLocal <methods>;
}
-keepclassmembers class * {
    @androidx.compose.runtime.staticCompositionLocalOf <methods>;
}
-keepclassmembers class * {
    @androidx.compose.runtime.compositionLocalOf <methods>;
}
-keepclassmembers class * {
    @androidx.compose.runtime.CompositionLocal <methods>;
}
-keepclassmembers class * {
    @androidx.compose.runtime.CompositionLocalProvider <methods>;
}
-keepclassmembers class * {
    @androidx.compose.runtime.ProvidedValue <methods>;
}
-keepclassmembers class * {
    @androidx.compose.runtime.RecomposeScope <methods>;
}
-keepclassmembers class * {
    @androidx.compose.runtime.Recomposer <methods>;
}
-keepclassmembers class * {
    @androidx.compose.runtime.Composer <methods>;
}
-keepclassmembers class * {
    @androidx.compose.runtime.RememberObserver <methods>;
}
-keepclassmembers class * {
    @androidx.compose.runtime.SideEffect <methods>;
}
-keepclassmembers class * {
    @androidx.compose.runtime.DisposableEffect <methods>;
}
-keepclassmembers class * {
    @androidx.compose.runtime.LaunchedEffect <methods>;
}
-keepclassmembers class * {
    @androidx.compose.runtime.ProduceStateScope <methods>;
}
-keepclassmembers class * {
    @androidx.compose.runtime.derivedStateOf <methods>;
}
-keepclassmembers class * {
    @androidx.compose.runtime.mutableStateOf <methods>;
}
-keepclassmembers class * {
    @androidx.compose.runtime.mutableStateListOf <methods>;
}
-keepclassmembers class * {
    @androidx.compose.runtime.mutableStateMapOf <methods>;
}
-keepclassmembers class * {
    @androidx.compose.runtime.snapshotFlow <methods>;
}
-keepclassmembers class * {
    @androidx.compose.runtime.remember <methods>;
}
-keepclassmembers class * {
    @androidx.compose.runtime.saveable.rememberSaveable <methods>;
}
-keepclassmembers class * {
    @androidx.compose.runtime.saveable.Saver <methods>;
}
-keepclassmembers class * {
    @androidx.compose.runtime.saveable.SaverScope <methods>;
}
-keepclassmembers class * {
    @androidx.compose.runtime.saveable.SaveableStateRegistry <methods>;
}
-keepclassmembers class * {
    @androidx.compose.runtime.saveable.SaveableStateHolder <methods>;
}
-keepclassmembers class * {
    @androidx.compose.runtime.saveable.autoSaver <methods>;
}
-keepclassmembers class * {
    @androidx.compose.runtime.saveable.listSaver <methods>;
}
-keepclassmembers class * {
    @androidx.compose.runtime.saveable.mapSaver <methods>;
}
-keepclassmembers class * {
    @androidx.compose.runtime.saveable.SaverRestorer <methods>;
}
-keepclassmembers class * {
    @androidx.compose.runtime.saveable.SaverScopeImpl <methods>;
}
-keepclassmembers class * {
    @androidx.compose.runtime.saveable.SaveableStateRegistryImpl <methods>;
}
-keepclassmembers class * {
    @androidx.compose.runtime.saveable.SaveableStateHolderImpl <methods>;
}
-keepclassmembers class * {
    @androidx.compose.runtime.saveable.SaveableStateRegistryAmbient <methods>;
}
-keepclassmembers class * {
    @androidx.compose.runtime.saveable.SaveableStateHolderAmbient <methods>;
}
-keepclassmembers class * {
    @androidx.compose.runtime.saveable.SaveableStateRegistryLocal <methods>;
}
-keepclassmembers class * {
    @androidx.compose.runtime.saveable.SaveableStateHolderLocal <methods>;
}
-keepclassmembers class * {
    @androidx.compose.runtime.saveable.LocalSaveableStateRegistry <methods>;
}
-keepclassmembers class * {
    @androidx.compose.runtime.saveable.LocalSaveableStateHolder <methods>;
}
-keepclassmembers class * {
    @androidx.compose.runtime.saveable.SaverKt <methods>;
}
-keepclassmembers class * {
    @androidx.compose.runtime.saveable.RememberSaveableKt <methods>;
}
-keepclassmembers class * {
    @androidx.compose.runtime.saveable.SaveableStateRegistryKt <methods>;
}
-keepclassmembers class * {
    @androidx.compose.runtime.saveable.SaveableStateHolderKt <methods>;
}
-keepclassmembers class * {
    @androidx.compose.runtime.saveable.AutoSaverKt <methods>;
}
-keepclassmembers class * {
    @androidx.compose.runtime.saveable.ListSaverKt <methods>;
}
-keepclassmembers class * {
    @androidx.compose.runtime.saveable.MapSaverKt <methods>;
}
-keepclassmembers class * {
    @androidx.compose.runtime.saveable.SaverRestorerKt <methods>;
}
-keepclassmembers class * {
    @androidx.compose.runtime.saveable.SaverScopeImplKt <methods>;
}
-keepclassmembers class * {
    @androidx.compose.runtime.saveable.SaveableStateRegistryImplKt <methods>;
}
-keepclassmembers class * {
    @androidx.compose.runtime.saveable.SaveableStateHolderImplKt <methods>;
}
-keepclassmembers class * {
    @androidx.compose.runtime.saveable.SaveableStateRegistryAmbientKt <methods>;
}
-keepclassmembers class * {
    @androidx.compose.runtime.saveable.SaveableStateHolderAmbientKt <methods>;
}
-keepclassmembers class * {
    @androidx.compose.runtime.saveable.SaveableStateRegistryLocalKt <methods>;
}
-keepclassmembers class * {
    @androidx.compose.runtime.saveable.SaveableStateHolderLocalKt <methods>;
}
-keepclassmembers class * {
    @androidx.compose.runtime.saveable.LocalSaveableStateRegistryKt <methods>;
}
-keepclassmembers class * {
    @androidx.compose.runtime.saveable.LocalSaveableStateHolderKt <methods>;
}

# Keep Parcelize generated classes
-keep class * implements android.os.Parcelable {
  public static final android.os.Parcelable$Creator *;
}
-keepclassmembers class **$$ParcelableCreator {
    *;
}

# Keep Google Play Services Auth classes (Sign-In)
-keep class com.google.android.gms.auth.** { *; }
-keep class com.google.android.gms.common.** { *; }

# Keep Google API Client & HTTP Client & GSON (used by Drive API)
# Keep names used by reflection in GSON
-keepclassmembers,allowobfuscation class * {
    @com.google.api.client.util.Key <fields>;
}
# Keep setters used by reflection in GSON
-keepclassmembers,allowobfuscation class * {
    @com.google.api.client.util.Key <methods>;
}
# Keep specific classes used by Google API Client if needed
-keep class com.google.api.client.googleapis.** { *; }
-keep class com.google.api.client.http.** { *; }
-keep class com.google.api.client.json.** { *; }
-keep class com.google.api.client.util.** { *; }
-keep class com.google.api.services.drive.** { *; }

# Keep GSON specific classes if needed (usually covered by above, but good to be explicit)
-keep class com.google.gson.** { *; }
-keepattributes Signature
-keepattributes *Annotation*
# Rules for R8 missing classes (javax.naming and org.ietf.jgss)
-dontwarn javax.naming.InvalidNameException
-dontwarn javax.naming.NamingException
-dontwarn javax.naming.directory.Attribute
-dontwarn javax.naming.directory.Attributes
-dontwarn javax.naming.ldap.LdapName
-dontwarn javax.naming.ldap.Rdn
-dontwarn org.ietf.jgss.GSSContext
-dontwarn org.ietf.jgss.GSSCredential
-dontwarn org.ietf.jgss.GSSException
-dontwarn org.ietf.jgss.GSSManager
-dontwarn org.ietf.jgss.GSSName
-dontwarn org.ietf.jgss.Oid
# End of content from pdfGenerator/app/proguard-rules.pro
# The proguard configuration file for the following section is release/processReleaseResources/aapt_rules.txt
-keep class androidx.camera.core.impl.MetadataHolderService { <init>(); }
-keep class androidx.core.app.CoreComponentFactory { <init>(); }
-keep class androidx.core.content.FileProvider { <init>(); }
-keep class androidx.profileinstaller.ProfileInstallReceiver { <init>(); }
-keep class androidx.room.MultiInstanceInvalidationService { <init>(); }
-keep class androidx.startup.InitializationProvider { <init>(); }
-keep class androidx.work.impl.background.systemalarm.ConstraintProxy$BatteryChargingProxy { <init>(); }
-keep class androidx.work.impl.background.systemalarm.ConstraintProxy$BatteryNotLowProxy { <init>(); }
-keep class androidx.work.impl.background.systemalarm.ConstraintProxy$NetworkStateProxy { <init>(); }
-keep class androidx.work.impl.background.systemalarm.ConstraintProxy$StorageNotLowProxy { <init>(); }
-keep class androidx.work.impl.background.systemalarm.ConstraintProxyUpdateReceiver { <init>(); }
-keep class androidx.work.impl.background.systemalarm.RescheduleReceiver { <init>(); }
-keep class androidx.work.impl.background.systemalarm.SystemAlarmService { <init>(); }
-keep class androidx.work.impl.background.systemjob.SystemJobService { <init>(); }
-keep class androidx.work.impl.diagnostics.DiagnosticsReceiver { <init>(); }
-keep class androidx.work.impl.foreground.SystemForegroundService { <init>(); }
-keep class androidx.work.impl.utils.ForceStopRunnable$BroadcastReceiver { <init>(); }
-keep class com.android.billingclient.api.ProxyBillingActivity { <init>(); }
-keep class com.google.android.datatransport.runtime.backends.TransportBackendDiscovery { <init>(); }
-keep class com.google.android.datatransport.runtime.scheduling.jobscheduling.AlarmManagerSchedulerBroadcastReceiver { <init>(); }
-keep class com.google.android.datatransport.runtime.scheduling.jobscheduling.JobInfoSchedulerService { <init>(); }
-keep class com.google.android.gms.ads.AdActivity { <init>(); }
-keep class com.google.android.gms.ads.AdService { <init>(); }
-keep class com.google.android.gms.ads.MobileAdsInitProvider { <init>(); }
-keep class com.google.android.gms.ads.NotificationHandlerActivity { <init>(); }
-keep class com.google.android.gms.ads.OutOfContextTestingActivity { <init>(); }
-keep class com.google.android.gms.auth.api.signin.RevocationBoundService { <init>(); }
-keep class com.google.android.gms.auth.api.signin.internal.SignInHubActivity { <init>(); }
-keep class com.google.android.gms.common.api.GoogleApiActivity { <init>(); }
-keep class com.insnaejack.pdfgenerator.MainActivity { <init>(); }
-keep class com.insnaejack.pdfgenerator.PdfGeneratorApp { <init>(); }
-keep class android.widget.Space { <init>(android.content.Context, android.util.AttributeSet); }

-keep class androidx.appcompat.app.AlertController$RecycleListView { <init>(android.content.Context, android.util.AttributeSet); }

-keep class androidx.appcompat.view.menu.ActionMenuItemView { <init>(android.content.Context, android.util.AttributeSet); }

-keep class androidx.appcompat.view.menu.ExpandedMenuView { <init>(android.content.Context, android.util.AttributeSet); }

-keep class androidx.appcompat.view.menu.ListMenuItemView { <init>(android.content.Context, android.util.AttributeSet); }

-keep class androidx.appcompat.widget.ActionBarContainer { <init>(android.content.Context, android.util.AttributeSet); }

-keep class androidx.appcompat.widget.ActionBarContextView { <init>(android.content.Context, android.util.AttributeSet); }

-keep class androidx.appcompat.widget.ActionBarOverlayLayout { <init>(android.content.Context, android.util.AttributeSet); }

-keep class androidx.appcompat.widget.ActionMenuView { <init>(android.content.Context, android.util.AttributeSet); }

-keep class androidx.appcompat.widget.ActivityChooserView$InnerLayout { <init>(android.content.Context, android.util.AttributeSet); }

-keep class androidx.appcompat.widget.AlertDialogLayout { <init>(android.content.Context, android.util.AttributeSet); }

-keep class androidx.appcompat.widget.ButtonBarLayout { <init>(android.content.Context, android.util.AttributeSet); }

-keep class androidx.appcompat.widget.ContentFrameLayout { <init>(android.content.Context, android.util.AttributeSet); }

-keep class androidx.appcompat.widget.DialogTitle { <init>(android.content.Context, android.util.AttributeSet); }

-keep class androidx.appcompat.widget.FitWindowsFrameLayout { <init>(android.content.Context, android.util.AttributeSet); }

-keep class androidx.appcompat.widget.FitWindowsLinearLayout { <init>(android.content.Context, android.util.AttributeSet); }

-keep class androidx.appcompat.widget.SearchView$SearchAutoComplete { <init>(android.content.Context, android.util.AttributeSet); }

-keep class androidx.appcompat.widget.Toolbar { <init>(android.content.Context, android.util.AttributeSet); }

-keep class androidx.appcompat.widget.ViewStubCompat { <init>(android.content.Context, android.util.AttributeSet); }