app/build/outputs/mapping/release/seeds.txt
com.insnaejack.pdfgenerator.PdfGeneratorApp
com.insnaejack.pdfgenerator.PdfGeneratorApp_GeneratedInjector
com.insnaejack.pdfgenerator.MainActivity_GeneratedInjector
com.insnaejack.pdfgenerator.MainActivity
com.insnaejack.pdfgenerator.ui.screens.settings.PdfSettingsDialogKt$DropdownSelector$2$5$1$1: void invoke(androidx.compose.runtime.Composer,int)
com.insnaejack.pdfgenerator.ui.screens.settings.ComposableSingletons$PdfSettingsDialogKt$lambda-1$1: void invoke(androidx.compose.foundation.layout.RowScope,androidx.compose.runtime.Composer,int)
com.insnaejack.pdfgenerator.ui.screens.settings.PdfSettingsDialogKt: void ImageQualitySelector(java.lang.String,com.insnaejack.pdfgenerator.model.ImageQuality,kotlin.jvm.functions.Function1,boolean,androidx.compose.runtime.Composer,int)
com.insnaejack.pdfgenerator.ui.screens.googledrive.ComposableSingletons$GoogleDriveScreenKt$lambda-2$1: void invoke(androidx.compose.runtime.Composer,int)
com.insnaejack.pdfgenerator.ui.screens.mainscreen.ComposableSingletons$MainScreenKt$lambda-3$1: void invoke(androidx.compose.runtime.Composer,int)
com.insnaejack.pdfgenerator.ui.screens.mainscreen.ComposableSingletons$MainScreenKt$lambda-14$1: void invoke(androidx.compose.runtime.Composer,int)
com.insnaejack.pdfgenerator.ui.screens.mainscreen.MainScreenKt: void SelectedImageItemPreview(androidx.compose.runtime.Composer,int)
com.insnaejack.pdfgenerator.ui.navigation.AppNavigationKt: void AppNavigation(androidx.compose.ui.Modifier,androidx.navigation.NavHostController,java.lang.String,androidx.compose.runtime.Composer,int,int)
com.insnaejack.pdfgenerator.ui.screens.mainscreen.ComposableSingletons$MainScreenKt$lambda-13$1: void invoke(androidx.compose.runtime.Composer,int)
com.insnaejack.pdfgenerator.ui.screens.mainscreen.MainScreenKt: void PermissionRationaleDialog(java.lang.String,java.lang.String,kotlin.jvm.functions.Function0,kotlin.jvm.functions.Function0,androidx.compose.runtime.Composer,int)
com.insnaejack.pdfgenerator.ui.screens.mainscreen.ComposableSingletons$MainScreenKt$lambda-1$1: void invoke(androidx.compose.runtime.Composer,int)
com.insnaejack.pdfgenerator.model.PageOrientation: com.insnaejack.pdfgenerator.model.PageOrientation[] values()
com.insnaejack.pdfgenerator.ui.screens.mainscreen.MainScreenKt$PermissionRationaleDialog$3: void invoke(androidx.compose.runtime.Composer,int)
com.insnaejack.pdfgenerator.ui.screens.mainscreen.ComposableSingletons$MainScreenKt$lambda-10$1: void invoke(androidx.compose.foundation.layout.RowScope,androidx.compose.runtime.Composer,int)
com.insnaejack.pdfgenerator.ui.screens.mainscreen.MainScreenKt$PermissionRationaleDialog$1: void invoke(androidx.compose.runtime.Composer,int)
com.insnaejack.pdfgenerator.model.ImageQuality: com.insnaejack.pdfgenerator.model.ImageQuality[] values()
com.insnaejack.pdfgenerator.ui.screens.settings.PdfSettingsDialogKt: void DropdownSelector(java.lang.String,java.lang.Object,java.util.List,kotlin.jvm.functions.Function1,boolean,androidx.compose.ui.Modifier,androidx.compose.runtime.Composer,int,int)
com.insnaejack.pdfgenerator.ui.screens.mainscreen.MainScreenKt$MainScreen$7$1$5$invoke$$inlined$items$default$4: void invoke(androidx.compose.foundation.lazy.LazyItemScope,int,androidx.compose.runtime.Composer,int)
com.insnaejack.pdfgenerator.ui.screens.mainscreen.ComposableSingletons$MainScreenKt$lambda-11$1: void invoke(androidx.compose.foundation.layout.RowScope,androidx.compose.runtime.Composer,int)
com.insnaejack.pdfgenerator.ui.screens.mainscreen.MainScreenKt: void AdvertViewPreview(androidx.compose.runtime.Composer,int)
com.insnaejack.pdfgenerator.ui.theme.ThemeKt: void PdfGeneratorTheme(boolean,boolean,kotlin.jvm.functions.Function2,androidx.compose.runtime.Composer,int,int)
com.insnaejack.pdfgenerator.ui.screens.googledrive.GoogleDriveScreenKt$GoogleDriveScreen$3$2: void invoke(androidx.compose.foundation.layout.RowScope,androidx.compose.runtime.Composer,int)
...
com.google.android.gms.ads.internal.client.zzbf: void zzk()
com.google.android.gms.common.api.internal.GoogleApiManager: void zaz(com.google.android.gms.common.api.GoogleApi)
com.google.api.services.drive.Drive$Permissions$Create: com.google.api.services.drive.Drive$Permissions$Create set(java.lang.String,java.lang.Object)
com.google.api.services.drive.Drive: com.google.api.services.drive.Drive$Files files()
androidx.compose.foundation.gestures.PressGestureScope: androidx.compose.ui.geometry.Rect toRect(androidx.compose.ui.unit.DpRect)
com.google.android.gms.common.api.internal.zabo: void run()
androidx.core.view.WindowInsetsCompat$Impl: androidx.core.graphics.Insets getStableInsets()
androidx.compose.ui.geometry.Offset$Companion: void getInfinite-F1C5BW0$annotations()
androidx.compose.foundation.layout.BoxScope: androidx.compose.ui.Modifier align(androidx.compose.ui.Modifier,androidx.compose.ui.Alignment)
com.google.android.material.chip.Chip: void setTextEndPadding(float)
com.google.android.gms.ads.internal.client.zzep: void setMainImage(android.graphics.drawable.Drawable)
com.google.android.gms.ads.internal.util.zzh: void run()
com.google.gson.internal.bind.TypeAdapters$23: java.net.InetAddress read(com.google.gson.stream.JsonReader)
com.google.android.gms.common.internal.Preconditions: void checkHandlerThread(android.os.Handler)
com.google.android.material.chip.Chip: float getCloseIconEndPadding()
androidx.core.graphics.drawable.IconCompat$Api28Impl: int getResId(java.lang.Object)
com.google.android.gms.ads.mediation.OnImmersiveModeUpdatedListener: void onImmersiveModeUpdated(boolean)
org.apache.http.conn.ssl.SSLSocketFactory: java.net.Socket createLayeredSocket(java.net.Socket,java.lang.String,int,org.apache.http.protocol.HttpContext)
androidx.loader.content.AsyncTaskLoader: void dispatchOnCancelled(androidx.loader.content.AsyncTaskLoader$LoadTask,java.lang.Object)
com.google.android.gms.ads.formats.zzh: zzh()
androidx.constraintlayout.widget.Guideline: void setVisibility(int)
com.google.api.services.drive.Drive$Replies$Get: com.google.api.services.drive.Drive$Replies$Get setKey(java.lang.String)
com.android.billingclient.api.BillingFlowParams: java.lang.String zze()
com.google.api.client.googleapis.services.AbstractGoogleClientRequest: com.google.api.client.http.HttpHeaders getLastResponseHeaders()
com.google.api.client.http.javanet.NetHttpTransport: com.google.api.client.http.javanet.ConnectionFactory getConnectionFactory(com.google.api.client.http.javanet.ConnectionFactory)
com.google.android.gms.common.internal.safeparcel.SafeParcelWriter: void finishObjectHeader(android.os.Parcel,int)
com.google.api.services.drive.model.User: com.google.api.services.drive.model.User set(java.lang.String,java.lang.Object)
com.google.android.material.chip.Chip: void setCloseIconHovered(boolean)
com.google.gson.JsonElement: JsonElement()
androidx.core.widget.CompoundButtonCompat$Api21Impl: android.content.res.ColorStateList getButtonTintList(android.widget.CompoundButton)
com.google.api.client.json.JsonParser: java.lang.Object parse(java.lang.reflect.Type,boolean)
com.google.gson.internal.Streams$AppendableWriter: void write(char[],int,int)
com.google.android.gms.ads.formats.NativeAdOptions$Builder: boolean zzg(com.google.android.gms.ads.formats.NativeAdOptions$Builder)
com.google.android.gms.common.internal.safeparcel.SafeParcelReader: android.util.SparseArray createByteArraySparseArray(android.os.Parcel,int)
com.google.api.services.drive.Drive$Files$Create: com.google.api.services.drive.Drive$Files$Create setPrettyPrint(java.lang.Boolean)
com.google.android.gms.auth.api.signin.GoogleSignInOptions$Builder: com.google.android.gms.auth.api.signin.GoogleSignInOptions$Builder requestId()
com.google.api.client.http.ExponentialBackOffPolicy$Builder: com.google.api.client.http.ExponentialBackOffPolicy$Builder setMaxIntervalMillis(int)
com.google.api.client.http.AbstractHttpContent: long computeLength()